[debug] [2025-01-10T15:53:39.903Z] ----------------------------------------------------------------------
[debug] [2025-01-10T15:53:39.910Z] Command:       C:\Program Files\nodejs\node.exe C:\Users\ahmed\AppData\Roaming\npm\node_modules\firebase-tools\lib\bin\firebase.js init
[debug] [2025-01-10T15:53:39.911Z] CLI Version:   13.29.1
[debug] [2025-01-10T15:53:39.911Z] Platform:      win32
[debug] [2025-01-10T15:53:39.911Z] Node Version:  v22.11.0
[debug] [2025-01-10T15:53:39.912Z] Time:          Fri Jan 10 2025 17:53:39 GMT+0200 (Eastern European Standard Time)
[debug] [2025-01-10T15:53:39.913Z] ----------------------------------------------------------------------
[debug] 
[debug] [2025-01-10T15:53:39.929Z] > command requires scopes: ["email","openid","https://www.googleapis.com/auth/cloudplatformprojects.readonly","https://www.googleapis.com/auth/firebase","https://www.googleapis.com/auth/cloud-platform"]
[debug] [2025-01-10T15:53:39.930Z] > authorizing via signed-in user (ahmedsamehahmed8@gmail.com)
[info] 
     ######## #### ########  ######## ########     ###     ######  ########
     ##        ##  ##     ## ##       ##     ##  ##   ##  ##       ##
     ######    ##  ########  ######   ########  #########  ######  ######
     ##        ##  ##    ##  ##       ##     ## ##     ##       ## ##
     ##       #### ##     ## ######## ########  ##     ##  ######  ########

You're about to initialize a Firebase project in this directory:

  D:\reeeeeeeeeeeaaaact\projects\New project\clothes_store\ui

[info] 
=== Project Setup
[info] 
[info] First, let's associate this project directory with a Firebase project.
[info] You can create multiple project aliases by running firebase use --add, 
[info] but for now we'll just set up a default project.
[info] 
[debug] [2025-01-10T15:55:27.687Z] Checked if tokens are valid: false, expires at: 1736468545842
[debug] [2025-01-10T15:55:27.687Z] Checked if tokens are valid: false, expires at: 1736468545842
[debug] [2025-01-10T15:55:27.688Z] > refreshing access token with scopes: []
[debug] [2025-01-10T15:55:27.690Z] >>> [apiv2][query] POST https://www.googleapis.com/oauth2/v3/token [none]
[debug] [2025-01-10T15:55:27.690Z] >>> [apiv2][body] POST https://www.googleapis.com/oauth2/v3/token [omitted]
[debug] [2025-01-10T15:55:28.019Z] <<< [apiv2][status] POST https://www.googleapis.com/oauth2/v3/token 200
[debug] [2025-01-10T15:55:28.019Z] <<< [apiv2][body] POST https://www.googleapis.com/oauth2/v3/token [omitted]
[debug] [2025-01-10T15:55:28.036Z] >>> [apiv2][query] GET https://firebase.googleapis.com/v1beta1/projects pageSize=100
[debug] [2025-01-10T15:55:28.573Z] <<< [apiv2][status] GET https://firebase.googleapis.com/v1beta1/projects 200
[debug] [2025-01-10T15:55:28.573Z] <<< [apiv2][body] GET https://firebase.googleapis.com/v1beta1/projects [omitted]
[info] i  Using project project-876f1 (project) 
[info] 
=== Hosting Setup
[debug] [2025-01-10T15:55:33.747Z] Checked if tokens are valid: true, expires at: 1736528127019
[debug] [2025-01-10T15:55:33.747Z] Checked if tokens are valid: true, expires at: 1736528127019
[debug] [2025-01-10T15:55:33.747Z] >>> [apiv2][query] GET https://firebase.googleapis.com/v1beta1/projects/project-876f1 [none]
[debug] [2025-01-10T15:55:34.079Z] <<< [apiv2][status] GET https://firebase.googleapis.com/v1beta1/projects/project-876f1 200
[debug] [2025-01-10T15:55:34.080Z] <<< [apiv2][body] GET https://firebase.googleapis.com/v1beta1/projects/project-876f1 {"projectId":"project-876f1","projectNumber":"1094593982263","displayName":"project","name":"projects/project-876f1","resources":{"hostingSite":"project-876f1"},"state":"ACTIVE","etag":"1_7ae00c71-2b78-4643-8e51-f1faeab98b01"}
[debug] [2025-01-10T15:58:39.153Z] Error: Command failed: npx --yes create-next-app@"12 - 15.0" -e hello-world .next --use-npm --ts
    at genericNodeError (node:internal/errors:983:15)
    at wrappedFn (node:internal/errors:537:14)
    at checkExecSyncError (node:child_process:888:11)
    at execSync (node:child_process:960:15)
    at Object.init (C:\Users\ahmed\AppData\Roaming\npm\node_modules\firebase-tools\lib\frameworks\next\index.js:214:34)
    at process.processTicksAndRejections (node:internal/process/task_queues:105:5)
    at async doSetup (C:\Users\ahmed\AppData\Roaming\npm\node_modules\firebase-tools\lib\init\features\hosting\index.js:120:13)
    at async init (C:\Users\ahmed\AppData\Roaming\npm\node_modules\firebase-tools\lib\init\index.js:41:9)
[error] 
[error] Error: An unexpected error has occurred.
[debug] [2025-01-10T15:59:13.464Z] ----------------------------------------------------------------------
[debug] [2025-01-10T15:59:13.470Z] Command:       C:\Program Files\nodejs\node.exe C:\Users\ahmed\AppData\Roaming\npm\node_modules\firebase-tools\lib\bin\firebase.js init
[debug] [2025-01-10T15:59:13.470Z] CLI Version:   13.29.1
[debug] [2025-01-10T15:59:13.470Z] Platform:      win32
[debug] [2025-01-10T15:59:13.471Z] Node Version:  v22.11.0
[debug] [2025-01-10T15:59:13.471Z] Time:          Fri Jan 10 2025 17:59:13 GMT+0200 (Eastern European Standard Time)
[debug] [2025-01-10T15:59:13.472Z] ----------------------------------------------------------------------
[debug] 
[debug] [2025-01-10T15:59:13.491Z] > command requires scopes: ["email","openid","https://www.googleapis.com/auth/cloudplatformprojects.readonly","https://www.googleapis.com/auth/firebase","https://www.googleapis.com/auth/cloud-platform"]
[debug] [2025-01-10T15:59:13.492Z] > authorizing via signed-in user (ahmedsamehahmed8@gmail.com)
[info] 
     ######## #### ########  ######## ########     ###     ######  ########
     ##        ##  ##     ## ##       ##     ##  ##   ##  ##       ##
     ######    ##  ########  ######   ########  #########  ######  ######
     ##        ##  ##    ##  ##       ##     ## ##     ##       ## ##
     ##       #### ##     ## ######## ########  ##     ##  ######  ########

You're about to initialize a Firebase project in this directory:

  D:\reeeeeeeeeeeaaaact\projects\New project\clothes_store\ui

[info] 
=== Project Setup
[info] 
[info] First, let's associate this project directory with a Firebase project.
[info] You can create multiple project aliases by running firebase use --add, 
[info] but for now we'll just set up a default project.
[info] 
[debug] [2025-01-10T15:59:20.608Z] Checked if tokens are valid: true, expires at: 1736528127019
[debug] [2025-01-10T15:59:20.608Z] Checked if tokens are valid: true, expires at: 1736528127019
[debug] [2025-01-10T15:59:20.611Z] >>> [apiv2][query] GET https://firebase.googleapis.com/v1beta1/projects pageSize=100
[debug] [2025-01-10T15:59:21.266Z] <<< [apiv2][status] GET https://firebase.googleapis.com/v1beta1/projects 200
[debug] [2025-01-10T15:59:21.266Z] <<< [apiv2][body] GET https://firebase.googleapis.com/v1beta1/projects [omitted]
[info] i  Using project project-876f1 (project) 
[info] 
=== Hosting Setup
[debug] [2025-01-10T15:59:22.444Z] Checked if tokens are valid: true, expires at: 1736528127019
[debug] [2025-01-10T15:59:22.444Z] Checked if tokens are valid: true, expires at: 1736528127019
[debug] [2025-01-10T15:59:22.444Z] >>> [apiv2][query] GET https://firebase.googleapis.com/v1beta1/projects/project-876f1 [none]
[debug] [2025-01-10T15:59:22.705Z] <<< [apiv2][status] GET https://firebase.googleapis.com/v1beta1/projects/project-876f1 200
[debug] [2025-01-10T15:59:22.706Z] <<< [apiv2][body] GET https://firebase.googleapis.com/v1beta1/projects/project-876f1 {"projectId":"project-876f1","projectNumber":"1094593982263","displayName":"project","name":"projects/project-876f1","resources":{"hostingSite":"project-876f1"},"state":"ACTIVE","etag":"1_7ae00c71-2b78-4643-8e51-f1faeab98b01"}
[debug] [2025-01-10T16:01:11.562Z] Error: Command failed: npx --yes create-next-app@"12 - 15.0" -e hello-world ui/.next --use-npm --ts
    at genericNodeError (node:internal/errors:983:15)
    at wrappedFn (node:internal/errors:537:14)
    at checkExecSyncError (node:child_process:888:11)
    at execSync (node:child_process:960:15)
    at Object.init (C:\Users\ahmed\AppData\Roaming\npm\node_modules\firebase-tools\lib\frameworks\next\index.js:214:34)
    at process.processTicksAndRejections (node:internal/process/task_queues:105:5)
    at async doSetup (C:\Users\ahmed\AppData\Roaming\npm\node_modules\firebase-tools\lib\init\features\hosting\index.js:120:13)
    at async init (C:\Users\ahmed\AppData\Roaming\npm\node_modules\firebase-tools\lib\init\index.js:41:9)
[error] 
[error] Error: An unexpected error has occurred.
